This file contains any messages produced by compilers while
running configure, to aid debugging if configure makes a mistake.

It was created by starbase configure 3.4.5, which was
generated by GNU Autoconf 2.72.  Invocation command line was

  $ ../configure

## --------- ##
## Platform. ##
## --------- ##

hostname = arkade
uname -m = x86_64
uname -r = 6.11.6-arch1-1
uname -s = Linux
uname -v = #1 SMP PREEMPT_DYNAMIC Fri, 01 Nov 2024 03:30:41 +0000

/usr/bin/uname -p = unknown
/bin/uname -X     = unknown

/bin/arch              = unknown
/usr/bin/arch -k       = unknown
/usr/convex/getsysinfo = unknown
/usr/bin/hostinfo      = unknown
/bin/machine           = unknown
/usr/bin/oslevel       = unknown
/bin/universe          = unknown

PATH: /usr/lib/arkades/bashsrc/
PATH: /usr/lib/arkades/bashsrc/functions/
PATH: /usr/lib/arkades/bashsrc/globals/
PATH: /home/arkade/bin/
PATH: /usr/share/arkades/tools/
PATH: /bin/


## ----------- ##
## Core tests. ##
## ----------- ##

configure:2799: looking for aux files: compile config.guess config.sub ltmain.sh missing install-sh
configure:2812:  trying ../
configure:2841:   ../compile found
configure:2841:   ../config.guess found
configure:2841:   ../config.sub found
configure:2841:   ../ltmain.sh found
configure:2841:   ../missing found
configure:2823:   ../install-sh found
configure:2971: checking for a BSD-compatible install
configure:3045: result: /bin/install -c
configure:3056: checking whether sleep supports fractional seconds
configure:3072: result: yes
configure:3075: checking filesystem timestamp resolution
configure:3210: result: 0.01
configure:3215: checking whether build environment is sane
configure:3256: result: yes
configure:3427: checking for a race-free mkdir -p
configure:3470: result: /bin/mkdir -p
configure:3477: checking for gawk
configure:3498: found /bin/gawk
configure:3510: result: gawk
configure:3521: checking whether make sets $(MAKE)
configure:3545: result: yes
configure:3571: checking whether make supports nested variables
configure:3590: result: yes
configure:3604: checking xargs -n works
configure:3620: result: yes
configure:3750: checking build system type
configure:3766: result: x86_64-pc-linux-gnu
configure:3786: checking host system type
configure:3801: result: x86_64-pc-linux-gnu
configure:3842: checking how to print strings
configure:3869: result: printf
configure:3903: checking whether make supports the include directive
configure:3918: make -f confmf.GNU && cat confinc.out
this is the am__doit target
configure:3921: $? = 0
configure:3940: result: yes (GNU style)
configure:4017: checking for gcc
configure:4038: found /bin/gcc
configure:4050: result: gcc
configure:4409: checking for C compiler version
configure:4418: gcc --version >&5
gcc (GCC) 14.2.1 20240910
Copyright (C) 2024 Free Software Foundation, Inc.
This is free software; see the source for copying conditions.  There is NO
warranty; not even for MERCHANTABILITY or FITNESS FOR A PARTICULAR PURPOSE.

configure:4429: $? = 0
configure:4418: gcc -v >&5
Using built-in specs.
COLLECT_GCC=gcc
COLLECT_LTO_WRAPPER=/usr/lib/gcc/x86_64-pc-linux-gnu/14.2.1/lto-wrapper
Target: x86_64-pc-linux-gnu
Configured with: /build/gcc/src/gcc/configure --enable-languages=ada,c,c++,d,fortran,go,lto,m2,objc,obj-c++,rust --enable-bootstrap --prefix=/usr --libdir=/usr/lib --libexecdir=/usr/lib --mandir=/usr/share/man --infodir=/usr/share/info --with-bugurl=https://gitlab.archlinux.org/archlinux/packaging/packages/gcc/-/issues --with-build-config=bootstrap-lto --with-linker-hash-style=gnu --with-system-zlib --enable-__cxa_atexit --enable-cet=auto --enable-checking=release --enable-clocale=gnu --enable-default-pie --enable-default-ssp --enable-gnu-indirect-function --enable-gnu-unique-object --enable-libstdcxx-backtrace --enable-link-serialization=1 --enable-linker-build-id --enable-lto --enable-multilib --enable-plugin --enable-shared --enable-threads=posix --disable-libssp --disable-libstdcxx-pch --disable-werror
Thread model: posix
Supported LTO compression algorithms: zlib zstd
gcc version 14.2.1 20240910 (GCC) 
configure:4429: $? = 0
configure:4418: gcc -V >&5
gcc: error: unrecognized command-line option '-V'
gcc: fatal error: no input files
compilation terminated.
configure:4429: $? = 1
configure:4418: gcc -qversion >&5
gcc: error: unrecognized command-line option '-qversion'; did you mean '--version'?
gcc: fatal error: no input files
compilation terminated.
configure:4429: $? = 1
configure:4418: gcc -version >&5
gcc: error: unrecognized command-line option '-version'
gcc: fatal error: no input files
compilation terminated.
configure:4429: $? = 1
configure:4449: checking whether the C compiler works
configure:4471: gcc    conftest.c  >&5
configure:4475: $? = 0
configure:4526: result: yes
configure:4530: checking for C compiler default output file name
configure:4532: result: a.out
configure:4538: checking for suffix of executables
configure:4545: gcc -o conftest    conftest.c  >&5
configure:4549: $? = 0
configure:4573: result: 
configure:4597: checking whether we are cross compiling
configure:4605: gcc -o conftest    conftest.c  >&5
configure:4609: $? = 0
configure:4616: ./conftest
configure:4620: $? = 0
configure:4635: result: no
configure:4641: checking for suffix of object files
configure:4664: gcc -c   conftest.c >&5
configure:4668: $? = 0
configure:4692: result: o
configure:4696: checking whether the compiler supports GNU C
configure:4716: gcc -c   conftest.c >&5
configure:4716: $? = 0
configure:4728: result: yes
configure:4739: checking whether gcc accepts -g
configure:4760: gcc -c -g  conftest.c >&5
configure:4760: $? = 0
configure:4807: result: yes
configure:4827: checking for gcc option to enable C11 features
configure:4842: gcc  -c -g -O2  conftest.c >&5
configure:4842: $? = 0
configure:4861: result: none needed
configure:4985: checking whether gcc understands -c and -o together
configure:5008: gcc -c conftest.c -o conftest2.o
configure:5011: $? = 0
configure:5008: gcc -c conftest.c -o conftest2.o
configure:5011: $? = 0
configure:5024: result: yes
configure:5043: checking dependency style of gcc
configure:5156: result: gcc3
configure:5171: checking for a sed that does not truncate output
configure:5243: result: /bin/sed
configure:5261: checking for grep that handles long lines and -e
configure:5327: result: /bin/grep
configure:5332: checking for egrep
configure:5402: result: /bin/grep -E
configure:5409: checking for fgrep
configure:5479: result: /bin/grep -F
configure:5516: checking for ld used by gcc
configure:5585: result: /bin/ld
configure:5592: checking if the linker (/bin/ld) is GNU ld
configure:5609: result: yes
configure:5621: checking for BSD- or MS-compatible name lister (nm)
configure:5677: result: /bin/nm -B
configure:5819: checking the name lister (/bin/nm -B) interface
configure:5827: gcc -c -g -O2  conftest.c >&5
configure:5830: /bin/nm -B "conftest.o"
configure:5833: output
0000000000000000 B some_variable
configure:5841: result: BSD nm
configure:5844: checking whether ln -s works
configure:5848: result: yes
configure:5856: checking the maximum length of command line arguments
configure:5989: result: 3145728
configure:6037: checking how to convert x86_64-pc-linux-gnu file names to x86_64-pc-linux-gnu format
configure:6079: result: func_convert_file_noop
configure:6086: checking how to convert x86_64-pc-linux-gnu file names to toolchain format
configure:6108: result: func_convert_file_noop
configure:6115: checking for /bin/ld option to reload object files
configure:6124: result: -r
configure:6157: checking for file
configure:6178: found /bin/file
configure:6191: result: file
configure:6254: checking for objdump
configure:6275: found /bin/objdump
configure:6287: result: objdump
configure:6319: checking how to recognize dependent libraries
configure:6520: result: pass_all
configure:6611: checking for dlltool
configure:6647: result: no
configure:6677: checking how to associate runtime and link libraries
configure:6706: result: printf %s\n
configure:6767: checking for ranlib
configure:6788: found /bin/ranlib
configure:6800: result: ranlib
configure:6877: checking for ar
configure:6898: found /bin/ar
configure:6910: result: ar
configure:6963: checking for archiver @FILE support
configure:6981: gcc -c -g -O2  conftest.c >&5
configure:6981: $? = 0
configure:6985: ar cr libconftest.a @conftest.lst >&5
configure:6988: $? = 0
configure:6993: ar cr libconftest.a @conftest.lst >&5
ar: conftest.o: No such file or directory
configure:6996: $? = 1
configure:7009: result: @
configure:7073: checking for strip
configure:7094: found /bin/strip
configure:7106: result: strip
configure:7209: checking command to parse /bin/nm -B output from gcc object
configure:7363: gcc -c -g -O2  conftest.c >&5
configure:7366: $? = 0
configure:7370: /bin/nm -B conftest.o \| /bin/sed -n -e 's/^.*[ ]\([ABCDGIRSTW][ABCDGIRSTW]*\)[ ][ ]*\([_A-Za-z][_A-Za-z0-9]*\)$/\1 \2 \2/p' | /bin/sed '/ __gnu_lto/d' \> conftest.nm
configure:7373: $? = 0
configure:7439: gcc -o conftest -g -O2   conftest.c conftstm.o >&5
configure:7442: $? = 0
configure:7481: result: ok
configure:7528: checking for sysroot
configure:7562: result: no
configure:7569: checking for a working dd
configure:7614: result: /bin/dd
configure:7618: checking how to truncate binary pipes
configure:7635: result: /bin/dd bs=4096 count=1
configure:7772: gcc -c -g -O2  conftest.c >&5
configure:7775: $? = 0
configure:7975: checking for mt
configure:8011: result: no
configure:8031: checking if : is a manifest tool
configure:8038: : '-?'
configure:8047: result: no
configure:8829: checking for stdio.h
configure:8829: gcc -c -g -O2  conftest.c >&5
configure:8829: $? = 0
configure:8829: result: yes
configure:8829: checking for stdlib.h
configure:8829: gcc -c -g -O2  conftest.c >&5
configure:8829: $? = 0
configure:8829: result: yes
configure:8829: checking for string.h
configure:8829: gcc -c -g -O2  conftest.c >&5
configure:8829: $? = 0
configure:8829: result: yes
configure:8829: checking for inttypes.h
configure:8829: gcc -c -g -O2  conftest.c >&5
configure:8829: $? = 0
configure:8829: result: yes
configure:8829: checking for stdint.h
configure:8829: gcc -c -g -O2  conftest.c >&5
configure:8829: $? = 0
configure:8829: result: yes
configure:8829: checking for strings.h
configure:8829: gcc -c -g -O2  conftest.c >&5
configure:8829: $? = 0
configure:8829: result: yes
configure:8829: checking for sys/stat.h
configure:8829: gcc -c -g -O2  conftest.c >&5
configure:8829: $? = 0
configure:8829: result: yes
configure:8829: checking for sys/types.h
configure:8829: gcc -c -g -O2  conftest.c >&5
configure:8829: $? = 0
configure:8829: result: yes
configure:8829: checking for unistd.h
configure:8829: gcc -c -g -O2  conftest.c >&5
configure:8829: $? = 0
configure:8829: result: yes
configure:8829: checking for vfork.h
configure:8829: gcc -c -g -O2  conftest.c >&5
conftest.c:48:10: fatal error: vfork.h: No such file or directory
   48 | #include <vfork.h>
      |          ^~~~~~~~~
compilation terminated.
configure:8829: $? = 1
configure: failed program was:
| /* confdefs.h */
| #define PACKAGE_NAME "starbase"
| #define PACKAGE_TARNAME "arkades"
| #define PACKAGE_VERSION "3.4.5"
| #define PACKAGE_STRING "starbase 3.4.5"
| #define PACKAGE_BUGREPORT "admin@arkades.org"
| #define PACKAGE_URL "www.arkades.org"
| #define PACKAGE "arkades"
| #define VERSION "3.4.5"
| #define HAVE_STDIO_H 1
| #define HAVE_STDLIB_H 1
| #define HAVE_STRING_H 1
| #define HAVE_INTTYPES_H 1
| #define HAVE_STDINT_H 1
| #define HAVE_STRINGS_H 1
| #define HAVE_SYS_STAT_H 1
| #define HAVE_SYS_TYPES_H 1
| #define HAVE_UNISTD_H 1
| /* end confdefs.h.  */
| #include <stddef.h>
| #ifdef HAVE_STDIO_H
| # include <stdio.h>
| #endif
| #ifdef HAVE_STDLIB_H
| # include <stdlib.h>
| #endif
| #ifdef HAVE_STRING_H
| # include <string.h>
| #endif
| #ifdef HAVE_INTTYPES_H
| # include <inttypes.h>
| #endif
| #ifdef HAVE_STDINT_H
| # include <stdint.h>
| #endif
| #ifdef HAVE_STRINGS_H
| # include <strings.h>
| #endif
| #ifdef HAVE_SYS_TYPES_H
| # include <sys/types.h>
| #endif
| #ifdef HAVE_SYS_STAT_H
| # include <sys/stat.h>
| #endif
| #ifdef HAVE_UNISTD_H
| # include <unistd.h>
| #endif
| #include <vfork.h>
configure:8829: result: no
configure:8854: checking for dlfcn.h
configure:8854: gcc -c -g -O2  conftest.c >&5
configure:8854: $? = 0
configure:8854: result: yes
configure:9157: checking for objdir
configure:9174: result: .libs
configure:9440: checking if gcc supports -fno-rtti -fno-exceptions
configure:9459: gcc -c -g -O2  -fno-rtti -fno-exceptions conftest.c >&5
cc1: warning: command-line option '-fno-rtti' is valid for C++/D/ObjC++ but not for C
configure:9463: $? = 0
configure:9477: result: no
configure:9841: checking for gcc option to produce PIC
configure:9850: result: -fPIC -DPIC
configure:9858: checking if gcc PIC flag -fPIC -DPIC works
configure:9877: gcc -c -g -O2  -fPIC -DPIC -DPIC conftest.c >&5
configure:9881: $? = 0
configure:9895: result: yes
configure:9924: checking if gcc static flag -static works
configure:9954: result: yes
configure:9969: checking if gcc supports -c -o file.o
configure:9991: gcc -c -g -O2  -o out/conftest2.o conftest.c >&5
configure:9995: $? = 0
configure:10018: result: yes
configure:10026: checking if gcc supports -c -o file.o
configure:10075: result: yes
configure:10108: checking whether the gcc linker (/bin/ld -m elf_x86_64) supports shared libraries
configure:11381: result: yes
configure:11418: checking whether -lc should be explicitly linked in
configure:11427: gcc -c -g -O2  conftest.c >&5
configure:11430: $? = 0
configure:11445: gcc -shared  -fPIC -DPIC conftest.o  -v -Wl,-soname -Wl,conftest -o conftest 2\>\&1 \| /bin/grep  -lc  \>/dev/null 2\>\&1
configure:11448: $? = 0
configure:11463: result: no
configure:11623: checking dynamic linker characteristics
configure:12241: gcc -o conftest -g -O2   -Wl,-rpath -Wl,/foo conftest.c  >&5
configure:12241: $? = 0
configure:12481: result: GNU/Linux ld.so
configure:12603: checking how to hardcode library paths into programs
configure:12628: result: immediate
configure:13228: checking whether stripping libraries is possible
configure:13237: result: yes
configure:13279: checking if libtool supports shared libraries
configure:13281: result: yes
configure:13284: checking whether to build shared libraries
configure:13309: result: yes
configure:13312: checking whether to build static libraries
configure:13316: result: yes
configure:13360: checking for dirent
configure:13360: gcc -o conftest -g -O2   conftest.c  >&5
/bin/ld: /tmp/cccs8dTl.o: in function `main':
/home/domson/Development/starbase/build/conftest.c:50:(.text.startup+0x5): undefined reference to `dirent'
collect2: error: ld returned 1 exit status
configure:13360: $? = 1
configure: failed program was:
| /* confdefs.h */
| #define PACKAGE_NAME "starbase"
| #define PACKAGE_TARNAME "arkades"
| #define PACKAGE_VERSION "3.4.5"
| #define PACKAGE_STRING "starbase 3.4.5"
| #define PACKAGE_BUGREPORT "admin@arkades.org"
| #define PACKAGE_URL "www.arkades.org"
| #define PACKAGE "arkades"
| #define VERSION "3.4.5"
| #define HAVE_STDIO_H 1
| #define HAVE_STDLIB_H 1
| #define HAVE_STRING_H 1
| #define HAVE_INTTYPES_H 1
| #define HAVE_STDINT_H 1
| #define HAVE_STRINGS_H 1
| #define HAVE_SYS_STAT_H 1
| #define HAVE_SYS_TYPES_H 1
| #define HAVE_UNISTD_H 1
| #define STDC_HEADERS 1
| #define HAVE_DLFCN_H 1
| #define LT_OBJDIR ".libs/"
| /* end confdefs.h.  */
| /* Define dirent to an innocuous variant, in case <limits.h> declares dirent.
|    For example, HP-UX 11i <limits.h> declares gettimeofday.  */
| #define dirent innocuous_dirent
| 
| /* System header to define __stub macros and hopefully few prototypes,
|    which can conflict with char dirent (void); below.  */
| 
| #include <limits.h>
| #undef dirent
| 
| /* Override any GCC internal prototype to avoid an error.
|    Use char because int might match the return type of a GCC
|    builtin and then its argument prototype would still apply.  */
| #ifdef __cplusplus
| extern "C"
| #endif
| char dirent (void);
| /* The GNU C library defines this for functions which it implements
|     to always fail with ENOSYS.  Some functions are actually named
|     something starting with __ and the normal name is an alias.  */
| #if defined __stub_dirent || defined __stub___dirent
| choke me
| #endif
| 
| int
| main (void)
| {
| return dirent ();
|   ;
|   return 0;
| }
configure:13360: result: no
configure:13367: checking for dup2
configure:13367: gcc -o conftest -g -O2   conftest.c  >&5
configure:13367: $? = 0
configure:13367: result: yes
configure:13374: checking for floor
configure:13374: gcc -o conftest -g -O2   conftest.c  >&5
conftest.c:40:6: warning: conflicting types for built-in function 'floor'; expected 'double(double)' [-Wbuiltin-declaration-mismatch]
   40 | char floor (void);
      |      ^~~~~
conftest.c:32:1: note: 'floor' is declared in header '<math.h>'
   31 | #include <limits.h>
   32 | #undef floor
/bin/ld: /tmp/cczMiUGr.o: in function `main':
/home/domson/Development/starbase/build/conftest.c:51:(.text.startup+0x5): undefined reference to `floor'
collect2: error: ld returned 1 exit status
configure:13374: $? = 1
configure: failed program was:
| /* confdefs.h */
| #define PACKAGE_NAME "starbase"
| #define PACKAGE_TARNAME "arkades"
| #define PACKAGE_VERSION "3.4.5"
| #define PACKAGE_STRING "starbase 3.4.5"
| #define PACKAGE_BUGREPORT "admin@arkades.org"
| #define PACKAGE_URL "www.arkades.org"
| #define PACKAGE "arkades"
| #define VERSION "3.4.5"
| #define HAVE_STDIO_H 1
| #define HAVE_STDLIB_H 1
| #define HAVE_STRING_H 1
| #define HAVE_INTTYPES_H 1
| #define HAVE_STDINT_H 1
| #define HAVE_STRINGS_H 1
| #define HAVE_SYS_STAT_H 1
| #define HAVE_SYS_TYPES_H 1
| #define HAVE_UNISTD_H 1
| #define STDC_HEADERS 1
| #define HAVE_DLFCN_H 1
| #define LT_OBJDIR ".libs/"
| #define HAVE_DUP2 1
| /* end confdefs.h.  */
| /* Define floor to an innocuous variant, in case <limits.h> declares floor.
|    For example, HP-UX 11i <limits.h> declares gettimeofday.  */
| #define floor innocuous_floor
| 
| /* System header to define __stub macros and hopefully few prototypes,
|    which can conflict with char floor (void); below.  */
| 
| #include <limits.h>
| #undef floor
| 
| /* Override any GCC internal prototype to avoid an error.
|    Use char because int might match the return type of a GCC
|    builtin and then its argument prototype would still apply.  */
| #ifdef __cplusplus
| extern "C"
| #endif
| char floor (void);
| /* The GNU C library defines this for functions which it implements
|     to always fail with ENOSYS.  Some functions are actually named
|     something starting with __ and the normal name is an alias.  */
| #if defined __stub_floor || defined __stub___floor
| choke me
| #endif
| 
| int
| main (void)
| {
| return floor ();
|   ;
|   return 0;
| }
configure:13374: result: no
configure:13381: checking for gethostbyaddr
configure:13381: gcc -o conftest -g -O2   conftest.c  >&5
configure:13381: $? = 0
configure:13381: result: yes
configure:13388: checking for gethostbyname
configure:13388: gcc -o conftest -g -O2   conftest.c  >&5
configure:13388: $? = 0
configure:13388: result: yes
configure:13395: checking for gethostname
configure:13395: gcc -o conftest -g -O2   conftest.c  >&5
configure:13395: $? = 0
configure:13395: result: yes
configure:13402: checking for gettimeofday
configure:13402: gcc -o conftest -g -O2   conftest.c  >&5
configure:13402: $? = 0
configure:13402: result: yes
configure:13409: checking for memchr
configure:13409: gcc -o conftest -g -O2   conftest.c  >&5
conftest.c:44:6: warning: conflicting types for built-in function 'memchr'; expected 'void *(const void *, int,  long unsigned int)' [-Wbuiltin-declaration-mismatch]
   44 | char memchr (void);
      |      ^~~~~~
conftest.c:36:1: note: 'memchr' is declared in header '<string.h>'
   35 | #include <limits.h>
   36 | #undef memchr
configure:13409: $? = 0
configure:13409: result: yes
configure:13416: checking for memmove
configure:13416: gcc -o conftest -g -O2   conftest.c  >&5
conftest.c:45:6: warning: conflicting types for built-in function 'memmove'; expected 'void *(void *, const void *, long unsigned int)' [-Wbuiltin-declaration-mismatch]
   45 | char memmove (void);
      |      ^~~~~~~
conftest.c:37:1: note: 'memmove' is declared in header '<string.h>'
   36 | #include <limits.h>
   37 | #undef memmove
configure:13416: $? = 0
configure:13416: result: yes
configure:13423: checking for memset
configure:13423: gcc -o conftest -g -O2   conftest.c  >&5
conftest.c:46:6: warning: conflicting types for built-in function 'memset'; expected 'void *(void *, int,  long unsigned int)' [-Wbuiltin-declaration-mismatch]
   46 | char memset (void);
      |      ^~~~~~
conftest.c:38:1: note: 'memset' is declared in header '<string.h>'
   37 | #include <limits.h>
   38 | #undef memset
configure:13423: $? = 0
configure:13423: result: yes
configure:13430: checking for pow
configure:13430: gcc -o conftest -g -O2   conftest.c  >&5
conftest.c:47:6: warning: conflicting types for built-in function 'pow'; expected 'double(double,  double)' [-Wbuiltin-declaration-mismatch]
   47 | char pow (void);
      |      ^~~
conftest.c:39:1: note: 'pow' is declared in header '<math.h>'
   38 | #include <limits.h>
   39 | #undef pow
/bin/ld: /tmp/ccm998SL.o: in function `main':
/home/domson/Development/starbase/build/conftest.c:58:(.text.startup+0x5): undefined reference to `pow'
collect2: error: ld returned 1 exit status
configure:13430: $? = 1
configure: failed program was:
| /* confdefs.h */
| #define PACKAGE_NAME "starbase"
| #define PACKAGE_TARNAME "arkades"
| #define PACKAGE_VERSION "3.4.5"
| #define PACKAGE_STRING "starbase 3.4.5"
| #define PACKAGE_BUGREPORT "admin@arkades.org"
| #define PACKAGE_URL "www.arkades.org"
| #define PACKAGE "arkades"
| #define VERSION "3.4.5"
| #define HAVE_STDIO_H 1
| #define HAVE_STDLIB_H 1
| #define HAVE_STRING_H 1
| #define HAVE_INTTYPES_H 1
| #define HAVE_STDINT_H 1
| #define HAVE_STRINGS_H 1
| #define HAVE_SYS_STAT_H 1
| #define HAVE_SYS_TYPES_H 1
| #define HAVE_UNISTD_H 1
| #define STDC_HEADERS 1
| #define HAVE_DLFCN_H 1
| #define LT_OBJDIR ".libs/"
| #define HAVE_DUP2 1
| #define HAVE_GETHOSTBYADDR 1
| #define HAVE_GETHOSTBYNAME 1
| #define HAVE_GETHOSTNAME 1
| #define HAVE_GETTIMEOFDAY 1
| #define HAVE_MEMCHR 1
| #define HAVE_MEMMOVE 1
| #define HAVE_MEMSET 1
| /* end confdefs.h.  */
| /* Define pow to an innocuous variant, in case <limits.h> declares pow.
|    For example, HP-UX 11i <limits.h> declares gettimeofday.  */
| #define pow innocuous_pow
| 
| /* System header to define __stub macros and hopefully few prototypes,
|    which can conflict with char pow (void); below.  */
| 
| #include <limits.h>
| #undef pow
| 
| /* Override any GCC internal prototype to avoid an error.
|    Use char because int might match the return type of a GCC
|    builtin and then its argument prototype would still apply.  */
| #ifdef __cplusplus
| extern "C"
| #endif
| char pow (void);
| /* The GNU C library defines this for functions which it implements
|     to always fail with ENOSYS.  Some functions are actually named
|     something starting with __ and the normal name is an alias.  */
| #if defined __stub_pow || defined __stub___pow
| choke me
| #endif
| 
| int
| main (void)
| {
| return pow ();
|   ;
|   return 0;
| }
configure:13430: result: no
configure:13437: checking for select
configure:13437: gcc -o conftest -g -O2   conftest.c  >&5
configure:13437: $? = 0
configure:13437: result: yes
configure:13444: checking for socket
configure:13444: gcc -o conftest -g -O2   conftest.c  >&5
configure:13444: $? = 0
configure:13444: result: yes
configure:13451: checking for sqrt
configure:13451: gcc -o conftest -g -O2   conftest.c  >&5
conftest.c:49:6: warning: conflicting types for built-in function 'sqrt'; expected 'double(double)' [-Wbuiltin-declaration-mismatch]
   49 | char sqrt (void);
      |      ^~~~
conftest.c:41:1: note: 'sqrt' is declared in header '<math.h>'
   40 | #include <limits.h>
   41 | #undef sqrt
/bin/ld: /tmp/cc0rZ33J.o: in function `main':
/home/domson/Development/starbase/build/conftest.c:60:(.text.startup+0x5): undefined reference to `sqrt'
collect2: error: ld returned 1 exit status
configure:13451: $? = 1
configure: failed program was:
| /* confdefs.h */
| #define PACKAGE_NAME "starbase"
| #define PACKAGE_TARNAME "arkades"
| #define PACKAGE_VERSION "3.4.5"
| #define PACKAGE_STRING "starbase 3.4.5"
| #define PACKAGE_BUGREPORT "admin@arkades.org"
| #define PACKAGE_URL "www.arkades.org"
| #define PACKAGE "arkades"
| #define VERSION "3.4.5"
| #define HAVE_STDIO_H 1
| #define HAVE_STDLIB_H 1
| #define HAVE_STRING_H 1
| #define HAVE_INTTYPES_H 1
| #define HAVE_STDINT_H 1
| #define HAVE_STRINGS_H 1
| #define HAVE_SYS_STAT_H 1
| #define HAVE_SYS_TYPES_H 1
| #define HAVE_UNISTD_H 1
| #define STDC_HEADERS 1
| #define HAVE_DLFCN_H 1
| #define LT_OBJDIR ".libs/"
| #define HAVE_DUP2 1
| #define HAVE_GETHOSTBYADDR 1
| #define HAVE_GETHOSTBYNAME 1
| #define HAVE_GETHOSTNAME 1
| #define HAVE_GETTIMEOFDAY 1
| #define HAVE_MEMCHR 1
| #define HAVE_MEMMOVE 1
| #define HAVE_MEMSET 1
| #define HAVE_SELECT 1
| #define HAVE_SOCKET 1
| /* end confdefs.h.  */
| /* Define sqrt to an innocuous variant, in case <limits.h> declares sqrt.
|    For example, HP-UX 11i <limits.h> declares gettimeofday.  */
| #define sqrt innocuous_sqrt
| 
| /* System header to define __stub macros and hopefully few prototypes,
|    which can conflict with char sqrt (void); below.  */
| 
| #include <limits.h>
| #undef sqrt
| 
| /* Override any GCC internal prototype to avoid an error.
|    Use char because int might match the return type of a GCC
|    builtin and then its argument prototype would still apply.  */
| #ifdef __cplusplus
| extern "C"
| #endif
| char sqrt (void);
| /* The GNU C library defines this for functions which it implements
|     to always fail with ENOSYS.  Some functions are actually named
|     something starting with __ and the normal name is an alias.  */
| #if defined __stub_sqrt || defined __stub___sqrt
| choke me
| #endif
| 
| int
| main (void)
| {
| return sqrt ();
|   ;
|   return 0;
| }
configure:13451: result: no
configure:13458: checking for strcasecmp
configure:13458: gcc -o conftest -g -O2   conftest.c  >&5
conftest.c:49:6: warning: conflicting types for built-in function 'strcasecmp'; expected 'int(const char *, const char *)' [-Wbuiltin-declaration-mismatch]
   49 | char strcasecmp (void);
      |      ^~~~~~~~~~
configure:13458: $? = 0
configure:13458: result: yes
configure:13465: checking for strchr
configure:13465: gcc -o conftest -g -O2   conftest.c  >&5
conftest.c:50:6: warning: conflicting types for built-in function 'strchr'; expected 'char *(const char *, int)' [-Wbuiltin-declaration-mismatch]
   50 | char strchr (void);
      |      ^~~~~~
conftest.c:42:1: note: 'strchr' is declared in header '<string.h>'
   41 | #include <limits.h>
   42 | #undef strchr
configure:13465: $? = 0
configure:13465: result: yes
configure:13472: checking for strcspn
configure:13472: gcc -o conftest -g -O2   conftest.c  >&5
conftest.c:51:6: warning: conflicting types for built-in function 'strcspn'; expected 'long unsigned int(const char *, const char *)' [-Wbuiltin-declaration-mismatch]
   51 | char strcspn (void);
      |      ^~~~~~~
conftest.c:43:1: note: 'strcspn' is declared in header '<string.h>'
   42 | #include <limits.h>
   43 | #undef strcspn
configure:13472: $? = 0
configure:13472: result: yes
configure:13479: checking for strdup
configure:13479: gcc -o conftest -g -O2   conftest.c  >&5
conftest.c:52:6: warning: conflicting types for built-in function 'strdup'; expected 'char *(const char *)' [-Wbuiltin-declaration-mismatch]
   52 | char strdup (void);
      |      ^~~~~~
configure:13479: $? = 0
configure:13479: result: yes
configure:13486: checking for strerror
configure:13486: gcc -o conftest -g -O2   conftest.c  >&5
configure:13486: $? = 0
configure:13486: result: yes
configure:13493: checking for strpbrk
configure:13493: gcc -o conftest -g -O2   conftest.c  >&5
conftest.c:54:6: warning: conflicting types for built-in function 'strpbrk'; expected 'char *(const char *, const char *)' [-Wbuiltin-declaration-mismatch]
   54 | char strpbrk (void);
      |      ^~~~~~~
conftest.c:46:1: note: 'strpbrk' is declared in header '<string.h>'
   45 | #include <limits.h>
   46 | #undef strpbrk
configure:13493: $? = 0
configure:13493: result: yes
configure:13500: checking for strrchr
configure:13500: gcc -o conftest -g -O2   conftest.c  >&5
conftest.c:55:6: warning: conflicting types for built-in function 'strrchr'; expected 'char *(const char *, int)' [-Wbuiltin-declaration-mismatch]
   55 | char strrchr (void);
      |      ^~~~~~~
conftest.c:47:1: note: 'strrchr' is declared in header '<string.h>'
   46 | #include <limits.h>
   47 | #undef strrchr
configure:13500: $? = 0
configure:13500: result: yes
configure:13507: checking for strstr
configure:13507: gcc -o conftest -g -O2   conftest.c  >&5
conftest.c:56:6: warning: conflicting types for built-in function 'strstr'; expected 'char *(const char *, const char *)' [-Wbuiltin-declaration-mismatch]
   56 | char strstr (void);
      |      ^~~~~~
conftest.c:48:1: note: 'strstr' is declared in header '<string.h>'
   47 | #include <limits.h>
   48 | #undef strstr
configure:13507: $? = 0
configure:13507: result: yes
configure:13514: checking for strtol
configure:13514: gcc -o conftest -g -O2   conftest.c  >&5
configure:13514: $? = 0
configure:13514: result: yes
configure:13521: checking for tzset
configure:13521: gcc -o conftest -g -O2   conftest.c  >&5
configure:13521: $? = 0
configure:13521: result: yes
configure:13528: checking for dirent.h
configure:13528: gcc -c -g -O2  conftest.c >&5
configure:13528: $? = 0
configure:13528: result: yes
configure:13535: checking for fcntl.h
configure:13535: gcc -c -g -O2  conftest.c >&5
configure:13535: $? = 0
configure:13535: result: yes
configure:13542: checking for inttypes.h
configure:13542: result: yes
configure:13549: checking for malloc.h
configure:13549: gcc -c -g -O2  conftest.c >&5
configure:13549: $? = 0
configure:13549: result: yes
configure:13556: checking for netdb.h
configure:13556: gcc -c -g -O2  conftest.c >&5
configure:13556: $? = 0
configure:13556: result: yes
configure:13563: checking for netinet/in.h
configure:13563: gcc -c -g -O2  conftest.c >&5
configure:13563: $? = 0
configure:13563: result: yes
configure:13570: checking for strings.h
configure:13570: result: yes
configure:13577: checking for string.h
configure:13577: result: yes
configure:13584: checking for sys/file.h
configure:13584: gcc -c -g -O2  conftest.c >&5
configure:13584: $? = 0
configure:13584: result: yes
configure:13591: checking for sys/param.h
configure:13591: gcc -c -g -O2  conftest.c >&5
configure:13591: $? = 0
configure:13591: result: yes
configure:13598: checking for sys/socket.h
configure:13598: gcc -c -g -O2  conftest.c >&5
configure:13598: $? = 0
configure:13598: result: yes
configure:13605: checking for sys/time.h
configure:13605: gcc -c -g -O2  conftest.c >&5
configure:13605: $? = 0
configure:13605: result: yes
configure:13612: checking for unistd.h
configure:13612: result: yes
configure:13619: checking for values.h
configure:13619: gcc -c -g -O2  conftest.c >&5
configure:13619: $? = 0
configure:13619: result: yes
configure:13626: checking for struct stat.st_blksize
configure:13626: gcc -c -g -O2  conftest.c >&5
configure:13626: $? = 0
configure:13626: result: yes
configure:13635: checking for inline
configure:13652: gcc -c -g -O2  conftest.c >&5
configure:13652: $? = 0
configure:13662: result: inline
configure:13680: checking for size_t
configure:13680: gcc -c -g -O2  conftest.c >&5
configure:13680: $? = 0
configure:13680: gcc -c -g -O2  conftest.c >&5
conftest.c: In function 'main':
conftest.c:89:21: error: expected expression before ')' token
   89 | if (sizeof ((size_t)))
      |                     ^
configure:13680: $? = 1
configure: failed program was:
| /* confdefs.h */
| #define PACKAGE_NAME "starbase"
| #define PACKAGE_TARNAME "arkades"
| #define PACKAGE_VERSION "3.4.5"
| #define PACKAGE_STRING "starbase 3.4.5"
| #define PACKAGE_BUGREPORT "admin@arkades.org"
| #define PACKAGE_URL "www.arkades.org"
| #define PACKAGE "arkades"
| #define VERSION "3.4.5"
| #define HAVE_STDIO_H 1
| #define HAVE_STDLIB_H 1
| #define HAVE_STRING_H 1
| #define HAVE_INTTYPES_H 1
| #define HAVE_STDINT_H 1
| #define HAVE_STRINGS_H 1
| #define HAVE_SYS_STAT_H 1
| #define HAVE_SYS_TYPES_H 1
| #define HAVE_UNISTD_H 1
| #define STDC_HEADERS 1
| #define HAVE_DLFCN_H 1
| #define LT_OBJDIR ".libs/"
| #define HAVE_DUP2 1
| #define HAVE_GETHOSTBYADDR 1
| #define HAVE_GETHOSTBYNAME 1
| #define HAVE_GETHOSTNAME 1
| #define HAVE_GETTIMEOFDAY 1
| #define HAVE_MEMCHR 1
| #define HAVE_MEMMOVE 1
| #define HAVE_MEMSET 1
| #define HAVE_SELECT 1
| #define HAVE_SOCKET 1
| #define HAVE_STRCASECMP 1
| #define HAVE_STRCHR 1
| #define HAVE_STRCSPN 1
| #define HAVE_STRDUP 1
| #define HAVE_STRERROR 1
| #define HAVE_STRPBRK 1
| #define HAVE_STRRCHR 1
| #define HAVE_STRSTR 1
| #define HAVE_STRTOL 1
| #define HAVE_TZSET 1
| #define HAVE_DIRENT_H 1
| #define HAVE_FCNTL_H 1
| #define HAVE_INTTYPES_H 1
| #define HAVE_MALLOC_H 1
| #define HAVE_NETDB_H 1
| #define HAVE_NETINET_IN_H 1
| #define HAVE_STRINGS_H 1
| #define HAVE_STRING_H 1
| #define HAVE_SYS_FILE_H 1
| #define HAVE_SYS_PARAM_H 1
| #define HAVE_SYS_SOCKET_H 1
| #define HAVE_SYS_TIME_H 1
| #define HAVE_UNISTD_H 1
| #define HAVE_VALUES_H 1
| #define HAVE_STRUCT_STAT_ST_BLKSIZE 1
| /* end confdefs.h.  */
| #include <stddef.h>
| #ifdef HAVE_STDIO_H
| # include <stdio.h>
| #endif
| #ifdef HAVE_STDLIB_H
| # include <stdlib.h>
| #endif
| #ifdef HAVE_STRING_H
| # include <string.h>
| #endif
| #ifdef HAVE_INTTYPES_H
| # include <inttypes.h>
| #endif
| #ifdef HAVE_STDINT_H
| # include <stdint.h>
| #endif
| #ifdef HAVE_STRINGS_H
| # include <strings.h>
| #endif
| #ifdef HAVE_SYS_TYPES_H
| # include <sys/types.h>
| #endif
| #ifdef HAVE_SYS_STAT_H
| # include <sys/stat.h>
| #endif
| #ifdef HAVE_UNISTD_H
| # include <unistd.h>
| #endif
| int
| main (void)
| {
| if (sizeof ((size_t)))
| 	    return 0;
|   ;
|   return 0;
| }
configure:13680: result: yes
configure:13693: checking for working alloca.h
configure:13711: gcc -o conftest -g -O2   conftest.c  >&5
configure:13711: $? = 0
configure:13722: result: yes
configure:13730: checking for alloca
configure:13775: result: yes
configure:13844: checking for error_at_line
configure:13861: gcc -o conftest -g -O2   conftest.c  >&5
configure:13861: $? = 0
configure:13872: result: yes
configure:13884: checking for pid_t
configure:13884: gcc -c -g -O2  conftest.c >&5
configure:13884: $? = 0
configure:13884: gcc -c -g -O2  conftest.c >&5
conftest.c: In function 'main':
conftest.c:92:20: error: expected expression before ')' token
   92 | if (sizeof ((pid_t)))
      |                    ^
configure:13884: $? = 1
configure: failed program was:
| /* confdefs.h */
| #define PACKAGE_NAME "starbase"
| #define PACKAGE_TARNAME "arkades"
| #define PACKAGE_VERSION "3.4.5"
| #define PACKAGE_STRING "starbase 3.4.5"
| #define PACKAGE_BUGREPORT "admin@arkades.org"
| #define PACKAGE_URL "www.arkades.org"
| #define PACKAGE "arkades"
| #define VERSION "3.4.5"
| #define HAVE_STDIO_H 1
| #define HAVE_STDLIB_H 1
| #define HAVE_STRING_H 1
| #define HAVE_INTTYPES_H 1
| #define HAVE_STDINT_H 1
| #define HAVE_STRINGS_H 1
| #define HAVE_SYS_STAT_H 1
| #define HAVE_SYS_TYPES_H 1
| #define HAVE_UNISTD_H 1
| #define STDC_HEADERS 1
| #define HAVE_DLFCN_H 1
| #define LT_OBJDIR ".libs/"
| #define HAVE_DUP2 1
| #define HAVE_GETHOSTBYADDR 1
| #define HAVE_GETHOSTBYNAME 1
| #define HAVE_GETHOSTNAME 1
| #define HAVE_GETTIMEOFDAY 1
| #define HAVE_MEMCHR 1
| #define HAVE_MEMMOVE 1
| #define HAVE_MEMSET 1
| #define HAVE_SELECT 1
| #define HAVE_SOCKET 1
| #define HAVE_STRCASECMP 1
| #define HAVE_STRCHR 1
| #define HAVE_STRCSPN 1
| #define HAVE_STRDUP 1
| #define HAVE_STRERROR 1
| #define HAVE_STRPBRK 1
| #define HAVE_STRRCHR 1
| #define HAVE_STRSTR 1
| #define HAVE_STRTOL 1
| #define HAVE_TZSET 1
| #define HAVE_DIRENT_H 1
| #define HAVE_FCNTL_H 1
| #define HAVE_INTTYPES_H 1
| #define HAVE_MALLOC_H 1
| #define HAVE_NETDB_H 1
| #define HAVE_NETINET_IN_H 1
| #define HAVE_STRINGS_H 1
| #define HAVE_STRING_H 1
| #define HAVE_SYS_FILE_H 1
| #define HAVE_SYS_PARAM_H 1
| #define HAVE_SYS_SOCKET_H 1
| #define HAVE_SYS_TIME_H 1
| #define HAVE_UNISTD_H 1
| #define HAVE_VALUES_H 1
| #define HAVE_STRUCT_STAT_ST_BLKSIZE 1
| #define HAVE_ALLOCA_H 1
| #define HAVE_ALLOCA 1
| /* end confdefs.h.  */
| #include <stddef.h>
| #ifdef HAVE_STDIO_H
| # include <stdio.h>
| #endif
| #ifdef HAVE_STDLIB_H
| # include <stdlib.h>
| #endif
| #ifdef HAVE_STRING_H
| # include <string.h>
| #endif
| #ifdef HAVE_INTTYPES_H
| # include <inttypes.h>
| #endif
| #ifdef HAVE_STDINT_H
| # include <stdint.h>
| #endif
| #ifdef HAVE_STRINGS_H
| # include <strings.h>
| #endif
| #ifdef HAVE_SYS_TYPES_H
| # include <sys/types.h>
| #endif
| #ifdef HAVE_SYS_STAT_H
| # include <sys/stat.h>
| #endif
| #ifdef HAVE_UNISTD_H
| # include <unistd.h>
| #endif
| 
| int
| main (void)
| {
| if (sizeof ((pid_t)))
| 	    return 0;
|   ;
|   return 0;
| }
configure:13884: result: yes
configure:13927: checking for fork
configure:13927: gcc -o conftest -g -O2   conftest.c  >&5
conftest.c:76:6: warning: conflicting types for built-in function 'fork'; expected 'int(void)' [-Wbuiltin-declaration-mismatch]
   76 | char fork (void);
      |      ^~~~
configure:13927: $? = 0
configure:13927: result: yes
configure:13927: checking for vfork
configure:13927: gcc -o conftest -g -O2   conftest.c  >&5
configure:13927: $? = 0
configure:13927: result: yes
configure:13940: checking for working fork
configure:13964: gcc -o conftest -g -O2   conftest.c  >&5
configure:13964: $? = 0
configure:13964: ./conftest
configure:13964: $? = 0
configure:13978: result: yes
configure:13999: checking for working vfork
configure:14131: result: yes
configure:14156: checking for declarations of fseeko and ftello
configure:14189: gcc -c -g -O2  conftest.c >&5
configure:14189: $? = 0
configure:14235: result: yes
configure:14250: checking for GNU libc compatible malloc
configure:14282: gcc -o conftest -g -O2   conftest.c  >&5
configure:14282: $? = 0
configure:14282: ./conftest
configure:14282: $? = 0
configure:14296: result: yes
configure:14319: checking for GNU libc compatible realloc
configure:14351: gcc -o conftest -g -O2   conftest.c  >&5
configure:14351: $? = 0
configure:14351: ./conftest
configure:14351: $? = 0
configure:14365: result: yes
configure:14388: checking for working strtod
configure:14428: gcc -o conftest -g -O2   conftest.c  >&5
configure:14428: $? = 0
configure:14428: ./conftest
configure:14428: $? = 0
configure:14442: result: yes
configure:14574: checking for gfortran
configure:14595: found /bin/gfortran
configure:14607: result: gfortran
configure:14633: checking for Fortran compiler version
configure:14642: gfortran --version >&5
GNU Fortran (GCC) 14.2.1 20240910
Copyright (C) 2024 Free Software Foundation, Inc.
This is free software; see the source for copying conditions.  There is NO
warranty; not even for MERCHANTABILITY or FITNESS FOR A PARTICULAR PURPOSE.

configure:14653: $? = 0
configure:14642: gfortran -v >&5
Using built-in specs.
COLLECT_GCC=gfortran
COLLECT_LTO_WRAPPER=/usr/lib/gcc/x86_64-pc-linux-gnu/14.2.1/lto-wrapper
Target: x86_64-pc-linux-gnu
Configured with: /build/gcc/src/gcc/configure --enable-languages=ada,c,c++,d,fortran,go,lto,m2,objc,obj-c++,rust --enable-bootstrap --prefix=/usr --libdir=/usr/lib --libexecdir=/usr/lib --mandir=/usr/share/man --infodir=/usr/share/info --with-bugurl=https://gitlab.archlinux.org/archlinux/packaging/packages/gcc/-/issues --with-build-config=bootstrap-lto --with-linker-hash-style=gnu --with-system-zlib --enable-__cxa_atexit --enable-cet=auto --enable-checking=release --enable-clocale=gnu --enable-default-pie --enable-default-ssp --enable-gnu-indirect-function --enable-gnu-unique-object --enable-libstdcxx-backtrace --enable-link-serialization=1 --enable-linker-build-id --enable-lto --enable-multilib --enable-plugin --enable-shared --enable-threads=posix --disable-libssp --disable-libstdcxx-pch --disable-werror
Thread model: posix
Supported LTO compression algorithms: zlib zstd
gcc version 14.2.1 20240910 (GCC) 
configure:14653: $? = 0
configure:14642: gfortran -V >&5
gfortran: error: unrecognized command-line option '-V'
gfortran: fatal error: no input files
compilation terminated.
configure:14653: $? = 1
configure:14642: gfortran -qversion >&5
gfortran: error: unrecognized command-line option '-qversion'; did you mean '--version'?
gfortran: fatal error: no input files
compilation terminated.
configure:14653: $? = 1
configure:14662: checking whether the compiler supports GNU Fortran
configure:14676: gfortran -c   conftest.F >&5
configure:14676: $? = 0
configure:14688: result: yes
configure:14696: checking whether gfortran accepts -g
configure:14708: gfortran -c -g  conftest.f >&5
configure:14708: $? = 0
configure:14719: result: yes
configure:14861: checking if libtool supports shared libraries
configure:14863: result: yes
configure:14866: checking whether to build shared libraries
configure:14890: result: yes
configure:14893: checking whether to build static libraries
configure:14897: result: yes
configure:14931: gfortran -c -g -O2  conftest.f >&5
configure:14934: $? = 0
configure:15419: checking for gfortran option to produce PIC
configure:15428: result: -fPIC
configure:15436: checking if gfortran PIC flag -fPIC works
configure:15455: gfortran -c -g -O2 -fPIC  conftest.f >&5
configure:15459: $? = 0
configure:15473: result: yes
configure:15496: checking if gfortran static flag -static works
configure:15526: result: no
configure:15538: checking if gfortran supports -c -o file.o
configure:15560: gfortran -c -g -O2 -o out/conftest2.o  conftest.f >&5
configure:15564: $? = 0
configure:15587: result: yes
configure:15592: checking if gfortran supports -c -o file.o
configure:15641: result: yes
configure:15671: checking whether the gfortran linker (/bin/ld -m elf_x86_64) supports shared libraries
configure:16892: result: yes
configure:17035: checking dynamic linker characteristics
configure:17813: result: GNU/Linux ld.so
configure:17878: checking how to hardcode library paths into programs
configure:17903: result: immediate
configure:17940: checking for bison
configure:17961: found /bin/bison
configure:17973: result: bison -y
configure:17989: checking for gawk
configure:18022: result: gawk
configure:18087: checking for gcc
configure:18120: result: gcc
configure:18479: checking for C compiler version
configure:18488: gcc --version >&5
gcc (GCC) 14.2.1 20240910
Copyright (C) 2024 Free Software Foundation, Inc.
This is free software; see the source for copying conditions.  There is NO
warranty; not even for MERCHANTABILITY or FITNESS FOR A PARTICULAR PURPOSE.

configure:18499: $? = 0
configure:18488: gcc -v >&5
Using built-in specs.
COLLECT_GCC=gcc
COLLECT_LTO_WRAPPER=/usr/lib/gcc/x86_64-pc-linux-gnu/14.2.1/lto-wrapper
Target: x86_64-pc-linux-gnu
Configured with: /build/gcc/src/gcc/configure --enable-languages=ada,c,c++,d,fortran,go,lto,m2,objc,obj-c++,rust --enable-bootstrap --prefix=/usr --libdir=/usr/lib --libexecdir=/usr/lib --mandir=/usr/share/man --infodir=/usr/share/info --with-bugurl=https://gitlab.archlinux.org/archlinux/packaging/packages/gcc/-/issues --with-build-config=bootstrap-lto --with-linker-hash-style=gnu --with-system-zlib --enable-__cxa_atexit --enable-cet=auto --enable-checking=release --enable-clocale=gnu --enable-default-pie --enable-default-ssp --enable-gnu-indirect-function --enable-gnu-unique-object --enable-libstdcxx-backtrace --enable-link-serialization=1 --enable-linker-build-id --enable-lto --enable-multilib --enable-plugin --enable-shared --enable-threads=posix --disable-libssp --disable-libstdcxx-pch --disable-werror
Thread model: posix
Supported LTO compression algorithms: zlib zstd
gcc version 14.2.1 20240910 (GCC) 
configure:18499: $? = 0
configure:18488: gcc -V >&5
gcc: error: unrecognized command-line option '-V'
gcc: fatal error: no input files
compilation terminated.
configure:18499: $? = 1
configure:18488: gcc -qversion >&5
gcc: error: unrecognized command-line option '-qversion'; did you mean '--version'?
gcc: fatal error: no input files
compilation terminated.
configure:18499: $? = 1
configure:18488: gcc -version >&5
gcc: error: unrecognized command-line option '-version'
gcc: fatal error: no input files
compilation terminated.
configure:18499: $? = 1
configure:18503: checking whether the compiler supports GNU C
configure:18535: result: yes
configure:18546: checking whether gcc accepts -g
configure:18614: result: yes
configure:18634: checking for gcc option to enable C11 features
configure:18668: result: none needed
configure:18792: checking whether gcc understands -c and -o together
configure:18831: result: yes
configure:18850: checking dependency style of gcc
configure:18963: result: gcc3
configure:18983: checking for flex
configure:19004: found /bin/flex
configure:19016: result: flex
configure:19065: checking for lex output file root
configure:19078: flex conftest.l
configure:19082: $? = 0
configure:19091: result: lex.yy
configure:19106: checking for lex library
configure:19131: gcc -o conftest -g -O2   conftest.c  >&5
configure:19131: $? = 0
configure:19145: result: none needed
configure:19167: checking whether yytext is a pointer
configure:19183: gcc -c -g -O2  conftest.c >&5
configure:19183: $? = 0
configure:19191: result: yes
configure:19203: checking whether ln -s works
configure:19207: result: yes
configure:19214: checking whether make sets $(MAKE)
configure:19238: result: yes
configure:19247: checking for int16_t
configure:19247: gcc -c -g -O2  conftest.c >&5
configure:19247: $? = 0
configure:19247: gcc -c -g -O2  conftest.c >&5
conftest.c: In function 'main':
conftest.c:100:12: error: size of array 'test_array' is negative
  100 | static int test_array [1 - 2 * !((int16_t) (((((int16_t) 1 << N) << N) - 1) * 2 + 1)
      |            ^~~~~~~~~~
configure:19247: $? = 1
configure: failed program was:
| /* confdefs.h */
| #define PACKAGE_NAME "starbase"
| #define PACKAGE_TARNAME "arkades"
| #define PACKAGE_VERSION "3.4.5"
| #define PACKAGE_STRING "starbase 3.4.5"
| #define PACKAGE_BUGREPORT "admin@arkades.org"
| #define PACKAGE_URL "www.arkades.org"
| #define PACKAGE "arkades"
| #define VERSION "3.4.5"
| #define HAVE_STDIO_H 1
| #define HAVE_STDLIB_H 1
| #define HAVE_STRING_H 1
| #define HAVE_INTTYPES_H 1
| #define HAVE_STDINT_H 1
| #define HAVE_STRINGS_H 1
| #define HAVE_SYS_STAT_H 1
| #define HAVE_SYS_TYPES_H 1
| #define HAVE_UNISTD_H 1
| #define STDC_HEADERS 1
| #define HAVE_DLFCN_H 1
| #define LT_OBJDIR ".libs/"
| #define HAVE_DUP2 1
| #define HAVE_GETHOSTBYADDR 1
| #define HAVE_GETHOSTBYNAME 1
| #define HAVE_GETHOSTNAME 1
| #define HAVE_GETTIMEOFDAY 1
| #define HAVE_MEMCHR 1
| #define HAVE_MEMMOVE 1
| #define HAVE_MEMSET 1
| #define HAVE_SELECT 1
| #define HAVE_SOCKET 1
| #define HAVE_STRCASECMP 1
| #define HAVE_STRCHR 1
| #define HAVE_STRCSPN 1
| #define HAVE_STRDUP 1
| #define HAVE_STRERROR 1
| #define HAVE_STRPBRK 1
| #define HAVE_STRRCHR 1
| #define HAVE_STRSTR 1
| #define HAVE_STRTOL 1
| #define HAVE_TZSET 1
| #define HAVE_DIRENT_H 1
| #define HAVE_FCNTL_H 1
| #define HAVE_INTTYPES_H 1
| #define HAVE_MALLOC_H 1
| #define HAVE_NETDB_H 1
| #define HAVE_NETINET_IN_H 1
| #define HAVE_STRINGS_H 1
| #define HAVE_STRING_H 1
| #define HAVE_SYS_FILE_H 1
| #define HAVE_SYS_PARAM_H 1
| #define HAVE_SYS_SOCKET_H 1
| #define HAVE_SYS_TIME_H 1
| #define HAVE_UNISTD_H 1
| #define HAVE_VALUES_H 1
| #define HAVE_STRUCT_STAT_ST_BLKSIZE 1
| #define HAVE_ALLOCA_H 1
| #define HAVE_ALLOCA 1
| #define HAVE_FORK 1
| #define HAVE_VFORK 1
| #define HAVE_WORKING_VFORK 1
| #define HAVE_WORKING_FORK 1
| #define HAVE_FSEEKO 1
| #define HAVE_MALLOC 1
| #define HAVE_REALLOC 1
| #define YYTEXT_POINTER 1
| /* end confdefs.h.  */
| #include <stddef.h>
| #ifdef HAVE_STDIO_H
| # include <stdio.h>
| #endif
| #ifdef HAVE_STDLIB_H
| # include <stdlib.h>
| #endif
| #ifdef HAVE_STRING_H
| # include <string.h>
| #endif
| #ifdef HAVE_INTTYPES_H
| # include <inttypes.h>
| #endif
| #ifdef HAVE_STDINT_H
| # include <stdint.h>
| #endif
| #ifdef HAVE_STRINGS_H
| # include <strings.h>
| #endif
| #ifdef HAVE_SYS_TYPES_H
| # include <sys/types.h>
| #endif
| #ifdef HAVE_SYS_STAT_H
| # include <sys/stat.h>
| #endif
| #ifdef HAVE_UNISTD_H
| # include <unistd.h>
| #endif
| 	        enum { N = 16 / 2 - 1 };
| int
| main (void)
| {
| static int test_array [1 - 2 * !((int16_t) (((((int16_t) 1 << N) << N) - 1) * 2 + 1)
| 		 < (int16_t) (((((int16_t) 1 << N) << N) - 1) * 2 + 2))];
| test_array [0] = 0;
| return test_array [0];
| 
|   ;
|   return 0;
| }
configure:19247: result: yes
configure:19256: checking for int32_t
configure:19256: gcc -c -g -O2  conftest.c >&5
configure:19256: $? = 0
configure:19256: gcc -c -g -O2  conftest.c >&5
conftest.c: In function 'main':
conftest.c:101:67: warning: integer overflow in expression of type 'int' results in '-2147483648' [-Woverflow]
  101 |                  < (int32_t) (((((int32_t) 1 << N) << N) - 1) * 2 + 2))];
      |                                                                   ^
conftest.c:100:12: error: storage size of 'test_array' isn't constant
  100 | static int test_array [1 - 2 * !((int32_t) (((((int32_t) 1 << N) << N) - 1) * 2 + 1)
      |            ^~~~~~~~~~
configure:19256: $? = 1
configure: failed program was:
| /* confdefs.h */
| #define PACKAGE_NAME "starbase"
| #define PACKAGE_TARNAME "arkades"
| #define PACKAGE_VERSION "3.4.5"
| #define PACKAGE_STRING "starbase 3.4.5"
| #define PACKAGE_BUGREPORT "admin@arkades.org"
| #define PACKAGE_URL "www.arkades.org"
| #define PACKAGE "arkades"
| #define VERSION "3.4.5"
| #define HAVE_STDIO_H 1
| #define HAVE_STDLIB_H 1
| #define HAVE_STRING_H 1
| #define HAVE_INTTYPES_H 1
| #define HAVE_STDINT_H 1
| #define HAVE_STRINGS_H 1
| #define HAVE_SYS_STAT_H 1
| #define HAVE_SYS_TYPES_H 1
| #define HAVE_UNISTD_H 1
| #define STDC_HEADERS 1
| #define HAVE_DLFCN_H 1
| #define LT_OBJDIR ".libs/"
| #define HAVE_DUP2 1
| #define HAVE_GETHOSTBYADDR 1
| #define HAVE_GETHOSTBYNAME 1
| #define HAVE_GETHOSTNAME 1
| #define HAVE_GETTIMEOFDAY 1
| #define HAVE_MEMCHR 1
| #define HAVE_MEMMOVE 1
| #define HAVE_MEMSET 1
| #define HAVE_SELECT 1
| #define HAVE_SOCKET 1
| #define HAVE_STRCASECMP 1
| #define HAVE_STRCHR 1
| #define HAVE_STRCSPN 1
| #define HAVE_STRDUP 1
| #define HAVE_STRERROR 1
| #define HAVE_STRPBRK 1
| #define HAVE_STRRCHR 1
| #define HAVE_STRSTR 1
| #define HAVE_STRTOL 1
| #define HAVE_TZSET 1
| #define HAVE_DIRENT_H 1
| #define HAVE_FCNTL_H 1
| #define HAVE_INTTYPES_H 1
| #define HAVE_MALLOC_H 1
| #define HAVE_NETDB_H 1
| #define HAVE_NETINET_IN_H 1
| #define HAVE_STRINGS_H 1
| #define HAVE_STRING_H 1
| #define HAVE_SYS_FILE_H 1
| #define HAVE_SYS_PARAM_H 1
| #define HAVE_SYS_SOCKET_H 1
| #define HAVE_SYS_TIME_H 1
| #define HAVE_UNISTD_H 1
| #define HAVE_VALUES_H 1
| #define HAVE_STRUCT_STAT_ST_BLKSIZE 1
| #define HAVE_ALLOCA_H 1
| #define HAVE_ALLOCA 1
| #define HAVE_FORK 1
| #define HAVE_VFORK 1
| #define HAVE_WORKING_VFORK 1
| #define HAVE_WORKING_FORK 1
| #define HAVE_FSEEKO 1
| #define HAVE_MALLOC 1
| #define HAVE_REALLOC 1
| #define YYTEXT_POINTER 1
| /* end confdefs.h.  */
| #include <stddef.h>
| #ifdef HAVE_STDIO_H
| # include <stdio.h>
| #endif
| #ifdef HAVE_STDLIB_H
| # include <stdlib.h>
| #endif
| #ifdef HAVE_STRING_H
| # include <string.h>
| #endif
| #ifdef HAVE_INTTYPES_H
| # include <inttypes.h>
| #endif
| #ifdef HAVE_STDINT_H
| # include <stdint.h>
| #endif
| #ifdef HAVE_STRINGS_H
| # include <strings.h>
| #endif
| #ifdef HAVE_SYS_TYPES_H
| # include <sys/types.h>
| #endif
| #ifdef HAVE_SYS_STAT_H
| # include <sys/stat.h>
| #endif
| #ifdef HAVE_UNISTD_H
| # include <unistd.h>
| #endif
| 	        enum { N = 32 / 2 - 1 };
| int
| main (void)
| {
| static int test_array [1 - 2 * !((int32_t) (((((int32_t) 1 << N) << N) - 1) * 2 + 1)
| 		 < (int32_t) (((((int32_t) 1 << N) << N) - 1) * 2 + 2))];
| test_array [0] = 0;
| return test_array [0];
| 
|   ;
|   return 0;
| }
configure:19256: result: yes
configure:19265: checking for int8_t
configure:19265: gcc -c -g -O2  conftest.c >&5
configure:19265: $? = 0
configure:19265: gcc -c -g -O2  conftest.c >&5
conftest.c: In function 'main':
conftest.c:100:12: error: size of array 'test_array' is negative
  100 | static int test_array [1 - 2 * !((int8_t) (((((int8_t) 1 << N) << N) - 1) * 2 + 1)
      |            ^~~~~~~~~~
configure:19265: $? = 1
configure: failed program was:
| /* confdefs.h */
| #define PACKAGE_NAME "starbase"
| #define PACKAGE_TARNAME "arkades"
| #define PACKAGE_VERSION "3.4.5"
| #define PACKAGE_STRING "starbase 3.4.5"
| #define PACKAGE_BUGREPORT "admin@arkades.org"
| #define PACKAGE_URL "www.arkades.org"
| #define PACKAGE "arkades"
| #define VERSION "3.4.5"
| #define HAVE_STDIO_H 1
| #define HAVE_STDLIB_H 1
| #define HAVE_STRING_H 1
| #define HAVE_INTTYPES_H 1
| #define HAVE_STDINT_H 1
| #define HAVE_STRINGS_H 1
| #define HAVE_SYS_STAT_H 1
| #define HAVE_SYS_TYPES_H 1
| #define HAVE_UNISTD_H 1
| #define STDC_HEADERS 1
| #define HAVE_DLFCN_H 1
| #define LT_OBJDIR ".libs/"
| #define HAVE_DUP2 1
| #define HAVE_GETHOSTBYADDR 1
| #define HAVE_GETHOSTBYNAME 1
| #define HAVE_GETHOSTNAME 1
| #define HAVE_GETTIMEOFDAY 1
| #define HAVE_MEMCHR 1
| #define HAVE_MEMMOVE 1
| #define HAVE_MEMSET 1
| #define HAVE_SELECT 1
| #define HAVE_SOCKET 1
| #define HAVE_STRCASECMP 1
| #define HAVE_STRCHR 1
| #define HAVE_STRCSPN 1
| #define HAVE_STRDUP 1
| #define HAVE_STRERROR 1
| #define HAVE_STRPBRK 1
| #define HAVE_STRRCHR 1
| #define HAVE_STRSTR 1
| #define HAVE_STRTOL 1
| #define HAVE_TZSET 1
| #define HAVE_DIRENT_H 1
| #define HAVE_FCNTL_H 1
| #define HAVE_INTTYPES_H 1
| #define HAVE_MALLOC_H 1
| #define HAVE_NETDB_H 1
| #define HAVE_NETINET_IN_H 1
| #define HAVE_STRINGS_H 1
| #define HAVE_STRING_H 1
| #define HAVE_SYS_FILE_H 1
| #define HAVE_SYS_PARAM_H 1
| #define HAVE_SYS_SOCKET_H 1
| #define HAVE_SYS_TIME_H 1
| #define HAVE_UNISTD_H 1
| #define HAVE_VALUES_H 1
| #define HAVE_STRUCT_STAT_ST_BLKSIZE 1
| #define HAVE_ALLOCA_H 1
| #define HAVE_ALLOCA 1
| #define HAVE_FORK 1
| #define HAVE_VFORK 1
| #define HAVE_WORKING_VFORK 1
| #define HAVE_WORKING_FORK 1
| #define HAVE_FSEEKO 1
| #define HAVE_MALLOC 1
| #define HAVE_REALLOC 1
| #define YYTEXT_POINTER 1
| /* end confdefs.h.  */
| #include <stddef.h>
| #ifdef HAVE_STDIO_H
| # include <stdio.h>
| #endif
| #ifdef HAVE_STDLIB_H
| # include <stdlib.h>
| #endif
| #ifdef HAVE_STRING_H
| # include <string.h>
| #endif
| #ifdef HAVE_INTTYPES_H
| # include <inttypes.h>
| #endif
| #ifdef HAVE_STDINT_H
| # include <stdint.h>
| #endif
| #ifdef HAVE_STRINGS_H
| # include <strings.h>
| #endif
| #ifdef HAVE_SYS_TYPES_H
| # include <sys/types.h>
| #endif
| #ifdef HAVE_SYS_STAT_H
| # include <sys/stat.h>
| #endif
| #ifdef HAVE_UNISTD_H
| # include <unistd.h>
| #endif
| 	        enum { N = 8 / 2 - 1 };
| int
| main (void)
| {
| static int test_array [1 - 2 * !((int8_t) (((((int8_t) 1 << N) << N) - 1) * 2 + 1)
| 		 < (int8_t) (((((int8_t) 1 << N) << N) - 1) * 2 + 2))];
| test_array [0] = 0;
| return test_array [0];
| 
|   ;
|   return 0;
| }
configure:19265: result: yes
configure:19274: checking for off_t
configure:19274: gcc -c -g -O2  conftest.c >&5
configure:19274: $? = 0
configure:19274: gcc -c -g -O2  conftest.c >&5
conftest.c: In function 'main':
conftest.c:99:20: error: expected expression before ')' token
   99 | if (sizeof ((off_t)))
      |                    ^
configure:19274: $? = 1
configure: failed program was:
| /* confdefs.h */
| #define PACKAGE_NAME "starbase"
| #define PACKAGE_TARNAME "arkades"
| #define PACKAGE_VERSION "3.4.5"
| #define PACKAGE_STRING "starbase 3.4.5"
| #define PACKAGE_BUGREPORT "admin@arkades.org"
| #define PACKAGE_URL "www.arkades.org"
| #define PACKAGE "arkades"
| #define VERSION "3.4.5"
| #define HAVE_STDIO_H 1
| #define HAVE_STDLIB_H 1
| #define HAVE_STRING_H 1
| #define HAVE_INTTYPES_H 1
| #define HAVE_STDINT_H 1
| #define HAVE_STRINGS_H 1
| #define HAVE_SYS_STAT_H 1
| #define HAVE_SYS_TYPES_H 1
| #define HAVE_UNISTD_H 1
| #define STDC_HEADERS 1
| #define HAVE_DLFCN_H 1
| #define LT_OBJDIR ".libs/"
| #define HAVE_DUP2 1
| #define HAVE_GETHOSTBYADDR 1
| #define HAVE_GETHOSTBYNAME 1
| #define HAVE_GETHOSTNAME 1
| #define HAVE_GETTIMEOFDAY 1
| #define HAVE_MEMCHR 1
| #define HAVE_MEMMOVE 1
| #define HAVE_MEMSET 1
| #define HAVE_SELECT 1
| #define HAVE_SOCKET 1
| #define HAVE_STRCASECMP 1
| #define HAVE_STRCHR 1
| #define HAVE_STRCSPN 1
| #define HAVE_STRDUP 1
| #define HAVE_STRERROR 1
| #define HAVE_STRPBRK 1
| #define HAVE_STRRCHR 1
| #define HAVE_STRSTR 1
| #define HAVE_STRTOL 1
| #define HAVE_TZSET 1
| #define HAVE_DIRENT_H 1
| #define HAVE_FCNTL_H 1
| #define HAVE_INTTYPES_H 1
| #define HAVE_MALLOC_H 1
| #define HAVE_NETDB_H 1
| #define HAVE_NETINET_IN_H 1
| #define HAVE_STRINGS_H 1
| #define HAVE_STRING_H 1
| #define HAVE_SYS_FILE_H 1
| #define HAVE_SYS_PARAM_H 1
| #define HAVE_SYS_SOCKET_H 1
| #define HAVE_SYS_TIME_H 1
| #define HAVE_UNISTD_H 1
| #define HAVE_VALUES_H 1
| #define HAVE_STRUCT_STAT_ST_BLKSIZE 1
| #define HAVE_ALLOCA_H 1
| #define HAVE_ALLOCA 1
| #define HAVE_FORK 1
| #define HAVE_VFORK 1
| #define HAVE_WORKING_VFORK 1
| #define HAVE_WORKING_FORK 1
| #define HAVE_FSEEKO 1
| #define HAVE_MALLOC 1
| #define HAVE_REALLOC 1
| #define YYTEXT_POINTER 1
| /* end confdefs.h.  */
| #include <stddef.h>
| #ifdef HAVE_STDIO_H
| # include <stdio.h>
| #endif
| #ifdef HAVE_STDLIB_H
| # include <stdlib.h>
| #endif
| #ifdef HAVE_STRING_H
| # include <string.h>
| #endif
| #ifdef HAVE_INTTYPES_H
| # include <inttypes.h>
| #endif
| #ifdef HAVE_STDINT_H
| # include <stdint.h>
| #endif
| #ifdef HAVE_STRINGS_H
| # include <strings.h>
| #endif
| #ifdef HAVE_SYS_TYPES_H
| # include <sys/types.h>
| #endif
| #ifdef HAVE_SYS_STAT_H
| # include <sys/stat.h>
| #endif
| #ifdef HAVE_UNISTD_H
| # include <unistd.h>
| #endif
| int
| main (void)
| {
| if (sizeof ((off_t)))
| 	    return 0;
|   ;
|   return 0;
| }
configure:19274: result: yes
configure:19285: checking for size_t
configure:19285: result: yes
configure:19296: checking for uint16_t
configure:19296: gcc -c -g -O2  conftest.c >&5
configure:19296: $? = 0
configure:19296: result: yes
configure:19306: checking for uint32_t
configure:19306: gcc -c -g -O2  conftest.c >&5
configure:19306: $? = 0
configure:19306: result: yes
configure:19318: checking for uint8_t
configure:19318: gcc -c -g -O2  conftest.c >&5
configure:19318: $? = 0
configure:19318: result: yes
configure:19439: checking that generated files are newer than configure
configure:19445: result: done
configure:19484: creating ./config.status

## ---------------------- ##
## Running config.status. ##
## ---------------------- ##

This file was extended by starbase config.status 3.4.5, which was
generated by GNU Autoconf 2.72.  Invocation command line was

  CONFIG_FILES    = 
  CONFIG_HEADERS  = 
  CONFIG_LINKS    = 
  CONFIG_COMMANDS = 
  $ ./config.status 

on arkade

config.status:1205: creating Makefile
config.status:1205: creating gnu/Makefile
config.status:1205: creating tablelib/Makefile
config.status:1205: creating utillib/Makefile
config.status:1205: creating config.h
config.status:1371: config.h is unchanged
config.status:1419: executing depfiles commands
config.status:1496: cd gnu       && sed -e '/# am--include-marker/d' Makefile         | make -f - am--depfiles
make: Nothing to be done for 'am--depfiles'.
config.status:1501: $? = 0
config.status:1496: cd tablelib       && sed -e '/# am--include-marker/d' Makefile         | make -f - am--depfiles
make: Nothing to be done for 'am--depfiles'.
config.status:1501: $? = 0
config.status:1496: cd utillib       && sed -e '/# am--include-marker/d' Makefile         | make -f - am--depfiles
make: Nothing to be done for 'am--depfiles'.
config.status:1501: $? = 0
config.status:1419: executing libtool commands

## ---------------- ##
## Cache variables. ##
## ---------------- ##

ac_cv_build=x86_64-pc-linux-gnu
ac_cv_c_compiler_gnu=yes
ac_cv_c_inline=inline
ac_cv_c_int16_t=yes
ac_cv_c_int32_t=yes
ac_cv_c_int8_t=yes
ac_cv_c_uint16_t=yes
ac_cv_c_uint32_t=yes
ac_cv_c_uint8_t=yes
ac_cv_env_CC_set=
ac_cv_env_CC_value=
ac_cv_env_CFLAGS_set=
ac_cv_env_CFLAGS_value=
ac_cv_env_CPPFLAGS_set=
ac_cv_env_CPPFLAGS_value=
ac_cv_env_FCFLAGS_set=
ac_cv_env_FCFLAGS_value=
ac_cv_env_FC_set=
ac_cv_env_FC_value=
ac_cv_env_LDFLAGS_set=
ac_cv_env_LDFLAGS_value=
ac_cv_env_LIBS_set=
ac_cv_env_LIBS_value=
ac_cv_env_LT_SYS_LIBRARY_PATH_set=
ac_cv_env_LT_SYS_LIBRARY_PATH_value=
ac_cv_env_YACC_set=
ac_cv_env_YACC_value=
ac_cv_env_YFLAGS_set=
ac_cv_env_YFLAGS_value=
ac_cv_env_build_alias_set=
ac_cv_env_build_alias_value=
ac_cv_env_host_alias_set=
ac_cv_env_host_alias_value=
ac_cv_env_includedir_set=set
ac_cv_env_includedir_value='${prefix}/include'
ac_cv_env_target_alias_set=
ac_cv_env_target_alias_value=
ac_cv_fc_compiler_gnu=yes
ac_cv_func_alloca_works=yes
ac_cv_func_dirent=no
ac_cv_func_dup2=yes
ac_cv_func_floor=no
ac_cv_func_fork=yes
ac_cv_func_fork_works=yes
ac_cv_func_fseeko_ftello=yes
ac_cv_func_gethostbyaddr=yes
ac_cv_func_gethostbyname=yes
ac_cv_func_gethostname=yes
ac_cv_func_gettimeofday=yes
ac_cv_func_malloc_0_nonnull=yes
ac_cv_func_memchr=yes
ac_cv_func_memmove=yes
ac_cv_func_memset=yes
ac_cv_func_pow=no
ac_cv_func_realloc_0_nonnull=yes
ac_cv_func_select=yes
ac_cv_func_socket=yes
ac_cv_func_sqrt=no
ac_cv_func_strcasecmp=yes
ac_cv_func_strchr=yes
ac_cv_func_strcspn=yes
ac_cv_func_strdup=yes
ac_cv_func_strerror=yes
ac_cv_func_strpbrk=yes
ac_cv_func_strrchr=yes
ac_cv_func_strstr=yes
ac_cv_func_strtod=yes
ac_cv_func_strtol=yes
ac_cv_func_tzset=yes
ac_cv_func_vfork=yes
ac_cv_func_vfork_works=yes
ac_cv_header_dirent_h=yes
ac_cv_header_dlfcn_h=yes
ac_cv_header_fcntl_h=yes
ac_cv_header_inttypes_h=yes
ac_cv_header_malloc_h=yes
ac_cv_header_netdb_h=yes
ac_cv_header_netinet_in_h=yes
ac_cv_header_stdint_h=yes
ac_cv_header_stdio_h=yes
ac_cv_header_stdlib_h=yes
ac_cv_header_string_h=yes
ac_cv_header_strings_h=yes
ac_cv_header_sys_file_h=yes
ac_cv_header_sys_param_h=yes
ac_cv_header_sys_socket_h=yes
ac_cv_header_sys_stat_h=yes
ac_cv_header_sys_time_h=yes
ac_cv_header_sys_types_h=yes
ac_cv_header_unistd_h=yes
ac_cv_header_values_h=yes
ac_cv_header_vfork_h=no
ac_cv_host=x86_64-pc-linux-gnu
ac_cv_lib_error_at_line=yes
ac_cv_lib_lex='none needed'
ac_cv_member_struct_stat_st_blksize=yes
ac_cv_objext=o
ac_cv_path_EGREP='/bin/grep -E'
ac_cv_path_EGREP_TRADITIONAL='/bin/grep -E'
ac_cv_path_FGREP='/bin/grep -F'
ac_cv_path_GREP=/bin/grep
ac_cv_path_SED=/bin/sed
ac_cv_path_install='/bin/install -c'
ac_cv_path_lt_DD=/bin/dd
ac_cv_path_mkdir=/bin/mkdir
ac_cv_prog_AWK=gawk
ac_cv_prog_FILECMD=file
ac_cv_prog_LEX=flex
ac_cv_prog_YACC='bison -y'
ac_cv_prog_ac_ct_AR=ar
ac_cv_prog_ac_ct_CC=gcc
ac_cv_prog_ac_ct_FC=gfortran
ac_cv_prog_ac_ct_OBJDUMP=objdump
ac_cv_prog_ac_ct_RANLIB=ranlib
ac_cv_prog_ac_ct_STRIP=strip
ac_cv_prog_cc_c11=
ac_cv_prog_cc_g=yes
ac_cv_prog_cc_stdc=
ac_cv_prog_fc_g=yes
ac_cv_prog_lex_root=lex.yy
ac_cv_prog_lex_yytext_pointer=yes
ac_cv_prog_make_make_set=yes
ac_cv_type_off_t=yes
ac_cv_type_pid_t=yes
ac_cv_type_size_t=yes
ac_cv_working_alloca_h=yes
am_cv_CC_dependencies_compiler_type=gcc3
am_cv_filesystem_timestamp_resolution=0.01
am_cv_make_support_nested_variables=yes
am_cv_prog_cc_c_o=yes
am_cv_sleep_fractional_seconds=yes
am_cv_xargs_n_works=yes
lt_cv_ar_at_file=@
lt_cv_archive_cmds_need_lc=no
lt_cv_deplibs_check_method=pass_all
lt_cv_file_magic_cmd='$MAGIC_CMD'
lt_cv_file_magic_test_file=
lt_cv_ld_reload_flag=-r
lt_cv_nm_interface='BSD nm'
lt_cv_objdir=.libs
lt_cv_path_LD=/bin/ld
lt_cv_path_NM='/bin/nm -B'
lt_cv_path_manifest_tool=no
lt_cv_prog_compiler_c_o=yes
lt_cv_prog_compiler_c_o_FC=yes
lt_cv_prog_compiler_pic='-fPIC -DPIC'
lt_cv_prog_compiler_pic_FC=-fPIC
lt_cv_prog_compiler_pic_works=yes
lt_cv_prog_compiler_pic_works_FC=yes
lt_cv_prog_compiler_rtti_exceptions=no
lt_cv_prog_compiler_static_works=yes
lt_cv_prog_compiler_static_works_FC=no
lt_cv_prog_gnu_ld=yes
lt_cv_sharedlib_from_linklib_cmd='printf %s\n'
lt_cv_shlibpath_overrides_runpath=yes
lt_cv_sys_global_symbol_pipe='/bin/sed -n -e '\''s/^.*[	 ]\([ABCDGIRSTW][ABCDGIRSTW]*\)[	 ][	 ]*\([_A-Za-z][_A-Za-z0-9]*\)$/\1 \2 \2/p'\'' | /bin/sed '\''/ __gnu_lto/d'\'''
lt_cv_sys_global_symbol_to_c_name_address='/bin/sed -n -e '\''s/^: \(.*\) .*$/  {"\1", (void *) 0},/p'\'' -e '\''s/^[ABCDGIRSTW][ABCDGIRSTW]* .* \(.*\)$/  {"\1", (void *) \&\1},/p'\'''
lt_cv_sys_global_symbol_to_c_name_address_lib_prefix='/bin/sed -n -e '\''s/^: \(.*\) .*$/  {"\1", (void *) 0},/p'\'' -e '\''s/^[ABCDGIRSTW][ABCDGIRSTW]* .* \(lib.*\)$/  {"\1", (void *) \&\1},/p'\'' -e '\''s/^[ABCDGIRSTW][ABCDGIRSTW]* .* \(.*\)$/  {"lib\1", (void *) \&\1},/p'\'''
lt_cv_sys_global_symbol_to_cdecl='/bin/sed -n -e '\''s/^T .* \(.*\)$/extern int \1();/p'\'' -e '\''s/^[ABCDGIRSTW][ABCDGIRSTW]* .* \(.*\)$/extern char \1;/p'\'''
lt_cv_sys_global_symbol_to_import=
lt_cv_sys_max_cmd_len=3145728
lt_cv_to_host_file_cmd=func_convert_file_noop
lt_cv_to_tool_file_cmd=func_convert_file_noop
lt_cv_truncate_bin='/bin/dd bs=4096 count=1'

## ----------------- ##
## Output variables. ##
## ----------------- ##

ACLOCAL='${SHELL} '\''/home/domson/Development/starbase/missing'\'' aclocal-1.17'
ALLOCA=''
AMDEPBACKSLASH='\'
AMDEP_FALSE='#'
AMDEP_TRUE=''
AMTAR='$${TAR-tar}'
AM_BACKSLASH='\'
AM_DEFAULT_V='$(AM_DEFAULT_VERBOSITY)'
AM_DEFAULT_VERBOSITY='1'
AM_V='$(V)'
AR='ar'
AUTOCONF='${SHELL} '\''/home/domson/Development/starbase/missing'\'' autoconf'
AUTOHEADER='${SHELL} '\''/home/domson/Development/starbase/missing'\'' autoheader'
AUTOMAKE='${SHELL} '\''/home/domson/Development/starbase/missing'\'' automake-1.17'
AWK='gawk'
CC='gcc'
CCDEPMODE='depmode=gcc3'
CFLAGS='-g -O2'
CPPFLAGS=''
CSCOPE='cscope'
CTAGS='ctags'
CYGPATH_W='echo'
DEFS='-DHAVE_CONFIG_H'
DEPDIR='.deps'
DLLTOOL='false'
DSYMUTIL=''
DUMPBIN=''
ECHO_C=''
ECHO_N='-n'
ECHO_T=''
EGREP='/bin/grep -E'
ETAGS='etags'
EXEEXT=''
FC='gfortran'
FCFLAGS='-g -O2'
FGREP='/bin/grep -F'
FILECMD='file'
GREP='/bin/grep'
INSTALL_DATA='${INSTALL} -m 644'
INSTALL_PROGRAM='${INSTALL}'
INSTALL_SCRIPT='${INSTALL}'
INSTALL_STRIP_PROGRAM='$(install_sh) -c -s'
LD='/bin/ld -m elf_x86_64'
LDFLAGS=''
LEX='flex'
LEXLIB=''
LEX_OUTPUT_ROOT='lex.yy'
LIBOBJS=''
LIBS=''
LIBTOOL='$(SHELL) $(top_builddir)/libtool'
LIPO=''
LN_S='ln -s'
LTLIBOBJS=''
LT_SYS_LIBRARY_PATH=''
MAKEINFO='${SHELL} '\''/home/domson/Development/starbase/missing'\'' makeinfo'
MANIFEST_TOOL=':'
MKDIR_P='/bin/mkdir -p'
NM='/bin/nm -B'
NMEDIT=''
OBJDUMP='objdump'
OBJEXT='o'
OTOOL64=''
OTOOL=''
PACKAGE='arkades'
PACKAGE_BUGREPORT='admin@arkades.org'
PACKAGE_NAME='starbase'
PACKAGE_STRING='starbase 3.4.5'
PACKAGE_TARNAME='arkades'
PACKAGE_URL='www.arkades.org'
PACKAGE_VERSION='3.4.5'
PATH_SEPARATOR=':'
POW_LIB=''
RANLIB='ranlib'
SED='/bin/sed'
SET_MAKE=''
SHELL='/bin/sh'
STRIP='strip'
VERSION='3.4.5'
YACC='bison -y'
YFLAGS=''
ac_ct_AR='ar'
ac_ct_CC='gcc'
ac_ct_DUMPBIN=''
ac_ct_FC='gfortran'
am__EXEEXT_FALSE=''
am__EXEEXT_TRUE='#'
am__fastdepCC_FALSE='#'
am__fastdepCC_TRUE=''
am__include='include'
am__isrc=' -I$(srcdir)'
am__leading_dot='.'
am__nodep='_no'
am__quote=''
am__rm_f_notfound=''
am__tar='$${TAR-tar} chof - "$$tardir"'
am__untar='$${TAR-tar} xf -'
am__xargs_n='xargs -n'
bindir='${exec_prefix}/bin'
build='x86_64-pc-linux-gnu'
build_alias=''
build_cpu='x86_64'
build_os='linux-gnu'
build_vendor='pc'
datadir='${datarootdir}'
datarootdir='${prefix}/share'
docdir='${datarootdir}/doc/${PACKAGE_TARNAME}'
dvidir='${docdir}'
exec_prefix='${prefix}'
host='x86_64-pc-linux-gnu'
host_alias=''
host_cpu='x86_64'
host_os='linux-gnu'
host_vendor='pc'
htmldir='${docdir}'
includedir='${prefix}/include/${PACKAGE}'
infodir='${datarootdir}/info'
install_sh='${SHELL} /home/domson/Development/starbase/install-sh'
libdir='${exec_prefix}/lib'
libexecdir='${exec_prefix}/libexec'
localedir='${datarootdir}/locale'
localstatedir='${prefix}/var'
mandir='${datarootdir}/man'
mkdir_p='$(MKDIR_P)'
oldincludedir='/usr/include'
pdfdir='${docdir}'
prefix='/usr/local'
program_transform_name='s,x,x,'
psdir='${docdir}'
runstatedir='${localstatedir}/run'
sbindir='${exec_prefix}/sbin'
sharedstatedir='${prefix}/com'
sysconfdir='${prefix}/etc'
target_alias=''

## ----------- ##
## confdefs.h. ##
## ----------- ##

/* confdefs.h */
#define PACKAGE_NAME "starbase"
#define PACKAGE_TARNAME "arkades"
#define PACKAGE_VERSION "3.4.5"
#define PACKAGE_STRING "starbase 3.4.5"
#define PACKAGE_BUGREPORT "admin@arkades.org"
#define PACKAGE_URL "www.arkades.org"
#define PACKAGE "arkades"
#define VERSION "3.4.5"
#define HAVE_STDIO_H 1
#define HAVE_STDLIB_H 1
#define HAVE_STRING_H 1
#define HAVE_INTTYPES_H 1
#define HAVE_STDINT_H 1
#define HAVE_STRINGS_H 1
#define HAVE_SYS_STAT_H 1
#define HAVE_SYS_TYPES_H 1
#define HAVE_UNISTD_H 1
#define STDC_HEADERS 1
#define HAVE_DLFCN_H 1
#define LT_OBJDIR ".libs/"
#define HAVE_DUP2 1
#define HAVE_GETHOSTBYADDR 1
#define HAVE_GETHOSTBYNAME 1
#define HAVE_GETHOSTNAME 1
#define HAVE_GETTIMEOFDAY 1
#define HAVE_MEMCHR 1
#define HAVE_MEMMOVE 1
#define HAVE_MEMSET 1
#define HAVE_SELECT 1
#define HAVE_SOCKET 1
#define HAVE_STRCASECMP 1
#define HAVE_STRCHR 1
#define HAVE_STRCSPN 1
#define HAVE_STRDUP 1
#define HAVE_STRERROR 1
#define HAVE_STRPBRK 1
#define HAVE_STRRCHR 1
#define HAVE_STRSTR 1
#define HAVE_STRTOL 1
#define HAVE_TZSET 1
#define HAVE_DIRENT_H 1
#define HAVE_FCNTL_H 1
#define HAVE_INTTYPES_H 1
#define HAVE_MALLOC_H 1
#define HAVE_NETDB_H 1
#define HAVE_NETINET_IN_H 1
#define HAVE_STRINGS_H 1
#define HAVE_STRING_H 1
#define HAVE_SYS_FILE_H 1
#define HAVE_SYS_PARAM_H 1
#define HAVE_SYS_SOCKET_H 1
#define HAVE_SYS_TIME_H 1
#define HAVE_UNISTD_H 1
#define HAVE_VALUES_H 1
#define HAVE_STRUCT_STAT_ST_BLKSIZE 1
#define HAVE_ALLOCA_H 1
#define HAVE_ALLOCA 1
#define HAVE_FORK 1
#define HAVE_VFORK 1
#define HAVE_WORKING_VFORK 1
#define HAVE_WORKING_FORK 1
#define HAVE_FSEEKO 1
#define HAVE_MALLOC 1
#define HAVE_REALLOC 1
#define YYTEXT_POINTER 1

configure: exit 0
